Log file opened on Tue Apr 24 14:02:39 2012
Host: zephyr  pid: 26016  nodeid: 0  nnodes:  1
The Gromacs distribution was built Wed Sep 22 13:45:05 CDT 2010 by
zhewu@zephyr (Linux 2.6.32-24-generic x86_64)


                         :-)  G  R  O  M  A  C  S  (-:

             Gallium Rubidium Oxygen Manganese Argon Carbon Silicon

                            :-)  VERSION 4.0.7  (-:


      Written by David van der Spoel, Erik Lindahl, Berk Hess, and others.
       Copyright (c) 1991-2000, University of Groningen, The Netherlands.
             Copyright (c) 2001-2008, The GROMACS development team,
            check out http://www.gromacs.org for more information.

         This program is free software; you can redistribute it and/or
          modify it under the terms of the GNU General Public License
         as published by the Free Software Foundation; either version 2
             of the License, or (at your option) any later version.

                                :-)  mdrun  (-:


++++ PLEASE READ AND CITE THE FOLLOWING REFERENCE ++++
B. Hess and C. Kutzner and D. van der Spoel and E. Lindahl
GROMACS 4: Algorithms for highly efficient, load-balanced, and scalable
molecular simulation
J. Chem. Theory Comput. 4 (2008) pp. 435-447
-------- -------- --- Thank You --- -------- --------


++++ PLEASE READ AND CITE THE FOLLOWING REFERENCE ++++
D. van der Spoel, E. Lindahl, B. Hess, G. Groenhof, A. E. Mark and H. J. C.
Berendsen
GROMACS: Fast, Flexible and Free
J. Comp. Chem. 26 (2005) pp. 1701-1719
-------- -------- --- Thank You --- -------- --------


++++ PLEASE READ AND CITE THE FOLLOWING REFERENCE ++++
E. Lindahl and B. Hess and D. van der Spoel
GROMACS 3.0: A package for molecular simulation and trajectory analysis
J. Mol. Mod. 7 (2001) pp. 306-317
-------- -------- --- Thank You --- -------- --------


++++ PLEASE READ AND CITE THE FOLLOWING REFERENCE ++++
H. J. C. Berendsen, D. van der Spoel and R. van Drunen
GROMACS: A message-passing parallel molecular dynamics implementation
Comp. Phys. Comm. 91 (1995) pp. 43-56
-------- -------- --- Thank You --- -------- --------

Input Parameters:
   integrator           = md
   nsteps               = 5000
   init_step            = 0
   ns_type              = Grid
   nstlist              = 10
   ndelta               = 2
   nstcomm              = 1
   comm_mode            = Linear
   nstlog               = 1000
   nstxout              = 0
   nstvout              = 0
   nstfout              = 0
   nstenergy            = 1000
   nstxtcout            = 1000
   init_t               = 0
   delta_t              = 0.02
   xtcprec              = 100
   nkx                  = 35
   nky                  = 32
   nkz                  = 50
   pme_order            = 6
   ewald_rtol           = 1e-05
   ewald_geometry       = 0
   epsilon_surface      = 0
   optimize_fft         = FALSE
   ePBC                 = xyz
   bPeriodicMols        = FALSE
   bContinuation        = FALSE
   bShakeSOR            = FALSE
   etc                  = Berendsen
   epc                  = Berendsen
   epctype              = Semiisotropic
   tau_p                = 2
   ref_p (3x3):
      ref_p[    0]={ 1.00000e+00,  0.00000e+00,  0.00000e+00}
      ref_p[    1]={ 0.00000e+00,  1.00000e+00,  0.00000e+00}
      ref_p[    2]={ 0.00000e+00,  0.00000e+00,  1.00000e+00}
   compress (3x3):
      compress[    0]={ 3.00000e-05,  0.00000e+00,  0.00000e+00}
      compress[    1]={ 0.00000e+00,  3.00000e-05,  0.00000e+00}
      compress[    2]={ 0.00000e+00,  0.00000e+00,  3.00000e-05}
   refcoord_scaling     = No
   posres_com (3):
      posres_com[0]= 0.00000e+00
      posres_com[1]= 0.00000e+00
      posres_com[2]= 0.00000e+00
   posres_comB (3):
      posres_comB[0]= 0.00000e+00
      posres_comB[1]= 0.00000e+00
      posres_comB[2]= 0.00000e+00
   andersen_seed        = 815131
   rlist                = 1.4
   rtpi                 = 0.05
   coulombtype          = PME
   rcoulomb_switch      = 0
   rcoulomb             = 1.4
   vdwtype              = User
   rvdw_switch          = 0
   rvdw                 = 1.4
   epsilon_r            = 1.3
   epsilon_rf           = 1
   tabext               = 1
   implicit_solvent     = No
   gb_algorithm         = Still
   gb_epsilon_solvent   = 80
   nstgbradii           = 1
   rgbradii             = 2
   gb_saltconc          = 0
   gb_obc_alpha         = 1
   gb_obc_beta          = 0.8
   gb_obc_gamma         = 4.85
   sa_surface_tension   = 2.092
   DispCorr             = No
   free_energy          = no
   init_lambda          = 0
   sc_alpha             = 0
   sc_power             = 0
   sc_sigma             = 0.3
   delta_lambda         = 0
   nwall                = 0
   wall_type            = 9-3
   wall_atomtype[0]     = -1
   wall_atomtype[1]     = -1
   wall_density[0]      = 0
   wall_density[1]      = 0
   wall_ewald_zfac      = 3
   pull                 = no
   disre                = No
   disre_weighting      = Conservative
   disre_mixed          = FALSE
   dr_fc                = 1000
   dr_tau               = 0
   nstdisreout          = 100
   orires_fc            = 0
   orires_tau           = 0
   nstorireout          = 100
   dihre-fc             = 1000
   em_stepsize          = 0.01
   em_tol               = 10
   niter                = 20
   fc_stepsize          = 0
   nstcgsteep           = 1000
   nbfgscorr            = 10
   ConstAlg             = Lincs
   shake_tol            = 0.0001
   lincs_order          = 4
   lincs_warnangle      = 30
   lincs_iter           = 1
   bd_fric              = 0
   ld_seed              = 1993
   cos_accel            = 0
   deform (3x3):
      deform[    0]={ 0.00000e+00,  0.00000e+00,  0.00000e+00}
      deform[    1]={ 0.00000e+00,  0.00000e+00,  0.00000e+00}
      deform[    2]={ 0.00000e+00,  0.00000e+00,  0.00000e+00}
   userint1             = 0
   userint2             = 0
   userint3             = 0
   userint4             = 0
   userreal1            = 0
   userreal2            = 0
   userreal3            = 0
   userreal4            = 0
grpopts:
   nrdf:       17199
   ref_t:         300
   tau_t:         0.2
anneal:          No
ann_npoints:           0
   acc:	           0           0           0
   nfreeze:           N           N           N
   energygrp_flags[  0]: 2 2
   energygrp_flags[  1]: 2 2
   efield-x:
      n = 0
   efield-xt:
      n = 0
   efield-y:
      n = 0
   efield-yt:
      n = 0
   efield-z:
      n = 0
   efield-zt:
      n = 0
   bQMMM                = FALSE
   QMconstraints        = 0
   QMMMscheme           = 0
   scalefactor          = 1
qm_opts:
   ngQM                 = 0
Table routines are used for coulomb: TRUE
Table routines are used for vdw:     TRUE
Will do PME sum in reciprocal space.

++++ PLEASE READ AND CITE THE FOLLOWING REFERENCE ++++
U. Essman, L. Perela, M. L. Berkowitz, T. Darden, H. Lee and L. G. Pedersen 
A smooth particle mesh Ewald method
J. Chem. Phys. 103 (1995) pp. 8577-8592
-------- -------- --- Thank You --- -------- --------

Using a Gaussian width (1/beta) of 0.448228 nm for Ewald
Cut-off's:   NS: 1.4   Coulomb: 1.4   LJ: 1.4
System total charge: 0.000
Read user tables from table_SOL_SOL.xvg with 1502 data points.
Tabscale = 500 points/nm
Generated table with 1200 data points for Ewald.
Tabscale = 500 points/nm
Read user tables from table_SOL_NON.xvg with 1502 data points.
Tabscale = 500 points/nm
Generated table with 1200 data points for Ewald.
Tabscale = 500 points/nm
Read user tables from table_NON_NON.xvg with 1502 data points.
Tabscale = 500 points/nm
Generated table with 1200 data points for Ewald.
Tabscale = 500 points/nm

Enabling SPC water optimization for 1971 molecules.

Configuring nonbonded kernels...
Testing x86_64 SSE support... present.


Removing pbc first time

++++ PLEASE READ AND CITE THE FOLLOWING REFERENCE ++++
S. Miyamoto and P. A. Kollman
SETTLE: An Analytical Version of the SHAKE and RATTLE Algorithms for Rigid
Water Models
J. Comp. Chem. 13 (1992) pp. 952-962
-------- -------- --- Thank You --- -------- --------

Center of mass motion removal mode is Linear
We have the following groups for center of mass motion removal:
  0:  rest

++++ PLEASE READ AND CITE THE FOLLOWING REFERENCE ++++
H. J. C. Berendsen, J. P. M. Postma, A. DiNola and J. R. Haak
Molecular dynamics with coupling to an external bath
J. Chem. Phys. 81 (1984) pp. 3684-3690
-------- -------- --- Thank You --- -------- --------

There are: 7705 Atoms
Max number of connections per atom is 6
Total number of connections is 15052
Max number of graph edges per atom is 3
Total number of graph edges is 11212

Constraining the starting coordinates (step 0)

Constraining the coordinates at t0-dt (step 0)
RMS relative constraint deviation after constraining: 0.00e+00
Initial temperature: 105.383 K

Started mdrun on node 0 Tue Apr 24 14:02:40 2012

           Step           Time         Lambda
              0        0.00000        0.00000

Grid: 7 x 6 x 10 cells
   Energies (kJ/mol)
           Bond       G96Angle        LJ (SR)   Coulomb (SR)   Coul. recip.
    6.28149e+03    1.22010e+03   -3.90606e+04   -1.20286e+05   -2.67821e+04
      Potential    Kinetic En.   Total Energy    Temperature Pressure (bar)
   -1.78627e+05    1.02015e+04   -1.68425e+05    1.42678e+02   -5.03565e+02

           Step           Time         Lambda
           1000       20.00000        0.00000

   Energies (kJ/mol)
           Bond       G96Angle        LJ (SR)   Coulomb (SR)   Coul. recip.
    6.20310e+03    1.16441e+03   -3.92464e+04   -1.19559e+05   -2.68325e+04
      Potential    Kinetic En.   Total Energy    Temperature Pressure (bar)
   -1.78270e+05    2.13394e+04   -1.56931e+05    2.98451e+02    5.66231e+01

           Step           Time         Lambda
           2000       40.00000        0.00000

   Energies (kJ/mol)
           Bond       G96Angle        LJ (SR)   Coulomb (SR)   Coul. recip.
    6.21129e+03    1.08886e+03   -3.97995e+04   -1.18936e+05   -2.67986e+04
      Potential    Kinetic En.   Total Energy    Temperature Pressure (bar)
   -1.78234e+05    2.14419e+04   -1.56792e+05    2.99884e+02   -6.71413e+01

           Step           Time         Lambda
           3000       60.00000        0.00000

   Energies (kJ/mol)
           Bond       G96Angle        LJ (SR)   Coulomb (SR)   Coul. recip.
    6.23332e+03    1.22831e+03   -3.94668e+04   -1.19663e+05   -2.67318e+04
      Potential    Kinetic En.   Total Energy    Temperature Pressure (bar)
   -1.78400e+05    2.16209e+04   -1.56780e+05    3.02387e+02    3.19492e+01

           Step           Time         Lambda
           4000       80.00000        0.00000

   Energies (kJ/mol)
           Bond       G96Angle        LJ (SR)   Coulomb (SR)   Coul. recip.
    6.40869e+03    1.25910e+03   -3.90346e+04   -1.20357e+05   -2.67399e+04
      Potential    Kinetic En.   Total Energy    Temperature Pressure (bar)
   -1.78463e+05    2.13934e+04   -1.57070e+05    2.99206e+02    5.63287e+01

           Step           Time         Lambda
           5000      100.00000        0.00000

Writing checkpoint, step 5000 at Tue Apr 24 14:04:56 2012

   Energies (kJ/mol)
           Bond       G96Angle        LJ (SR)   Coulomb (SR)   Coul. recip.
    6.17372e+03    1.21830e+03   -3.94919e+04   -1.19514e+05   -2.66828e+04
      Potential    Kinetic En.   Total Energy    Temperature Pressure (bar)
   -1.78296e+05    2.13578e+04   -1.56938e+05    2.98708e+02   -1.23750e+01

	<======  ###############  ==>
	<====  A V E R A G E S  ====>
	<==  ###############  ======>

   Energies (kJ/mol)
           Bond       G96Angle        LJ (SR)   Coulomb (SR)   Coul. recip.
    6.16718e+03    1.19081e+03   -3.95554e+04   -1.19409e+05   -2.67329e+04
      Potential    Kinetic En.   Total Energy    Temperature Pressure (bar)
   -1.78339e+05    2.14067e+04   -1.56933e+05    2.99392e+02    4.09254e+00

          Box-X          Box-Y          Box-Z         Volume   Density (SI)
    6.72349e+00    6.10549e+00    9.89870e+00    4.06344e+02    1.10719e+03
             pV
    1.00041e+02

   Total Virial (kJ/mol)
    7.01594e+03    2.64007e+01    1.41139e+00
    2.64338e+01    7.13216e+03    7.90681e+01
    1.61265e+00    7.92293e+01    7.10858e+03

   Pressure (bar)
    9.25950e+00   -2.71640e+00    6.08187e-01
   -2.71911e+00   -2.33133e+00   -6.59282e+00
    5.91743e-01   -6.60599e+00    5.34945e+00

   Total Dipole (Debye)
   -6.28797e+02    3.88103e+01   -3.85020e+00

  Epot (kJ/mol)        Coul-SR          LJ-SR   
        SOL-SOL   -9.51546e+04   -3.81085e+03
        SOL-NON   -2.17161e+04   -1.00340e+04
        NON-NON   -2.53855e+03   -2.57105e+04

	<======  ###############################  ==>
	<====  R M S - F L U C T U A T I O N S  ====>
	<==  ###############################  ======>

   Energies (kJ/mol)
           Bond       G96Angle        LJ (SR)   Coulomb (SR)   Coul. recip.
    1.29037e+02    4.48024e+01    3.07357e+02    4.34369e+02    7.87891e+01
      Potential    Kinetic En.   Total Energy    Temperature Pressure (bar)
    3.97549e+02    3.08097e+02    5.85555e+02    4.30902e+00    5.96142e+01

          Box-X          Box-Y          Box-Z         Volume   Density (SI)
    3.55635e-03    3.22946e-03    8.51438e-03    6.66650e-01    1.82126e+00
             pV
    1.45790e+03

   Total Virial (kJ/mol)
    1.02906e+03    6.52091e+02    6.72993e+02
    6.52108e+02    1.05746e+03    6.87533e+02
    6.73036e+02    6.87469e+02    1.03860e+03

   Pressure (bar)
    8.54049e+01    5.33712e+01    5.55592e+01
    5.33723e+01    8.84468e+01    5.68400e+01
    5.55628e+01    5.68356e+01    8.69455e+01

   Total Dipole (Debye)
    3.80592e+02    4.03943e+02    5.46071e+01

  Epot (kJ/mol)        Coul-SR          LJ-SR   
        SOL-SOL    4.68539e+02    2.56846e+02
        SOL-NON    2.72780e+02    1.33796e+02
        NON-NON    9.97848e+01    1.70049e+02


	M E G A - F L O P S   A C C O U N T I N G

   RF=Reaction-Field  FE=Free Energy  SCFE=Soft-Core/Free Energy
   T=Tabulated        W3=SPC/TIP3p    W4=TIP4p (single or pairs)
   NF=No Forces

 Computing:                         M-Number         M-Flops  % Flops
-----------------------------------------------------------------------
 VdW(T)                           471.467543       25459.247     6.0
 Coul(T)                           76.429274        3210.030     0.8
 Coul(T) + VdW(T)                  48.122239        3272.312     0.8
 Coul(T) + VdW(T) [W3]             40.350012        6092.852     1.4
 Coul(T) + VdW(T) [W3-W3]         426.200404      168349.160    39.5
 Outer nonbonded loop             263.264141        2632.641     0.6
 Calc Weights                     115.598115        4161.532     1.0
 Spread Q Bspline                8323.064280       16646.129     3.9
 Gather F Bspline                8323.064280       99876.771    23.4
 3D-FFT                          8834.716590       70677.733    16.6
 Solve PME                        145.629120        9320.264     2.2
 NS-Pairs                         341.910451        7180.119     1.7
 Reset In Box                       1.885263           5.656     0.0
 Shift-X                           77.065410         462.392     0.1
 CG-CoM                             3.860205          11.581     0.0
 Bonds                              8.321664         490.978     0.1
 Angles                             6.401280        1075.415     0.3
 Virial                            38.757750         697.639     0.2
 Update                            38.532705        1194.514     0.3
 Stop-CM                           38.532705         385.327     0.1
 P-Coupling                        38.532705         231.196     0.1
 Calc-Ekin                         38.540410        1040.591     0.2
 Constraint-V                      29.576826         236.615     0.1
 Constraint-Vir                    29.570913         709.702     0.2
 Settle                             9.860913        3185.075     0.7
-----------------------------------------------------------------------
 Total                                            426605.471   100.0
-----------------------------------------------------------------------


     R E A L   C Y C L E   A N D   T I M E   A C C O U N T I N G

 Computing:         Nodes     Number     G-Cycles    Seconds     %
-----------------------------------------------------------------------
 Neighbor search        1        501       26.599       11.1     8.1
 Force                  1       5001      151.543       63.0    46.4
 PME mesh               1       5001      132.241       55.0    40.5
 Write traj.            1          6        0.061        0.0     0.0
 Update                 1       5001        6.636        2.8     2.0
 Constraints            1       5001        5.717        2.4     1.7
 Rest                   1                   4.127        1.7     1.3
-----------------------------------------------------------------------
 Total                  1                 326.923      136.0   100.0
-----------------------------------------------------------------------

	Parallel run - timing based on wallclock.

               NODE (s)   Real (s)      (%)
       Time:    136.000    136.000    100.0
                       2:16
               (Mnbf/s)   (GFlops)   (ns/day)  (hour/ns)
Performance:     33.477      3.137     63.542      0.378
Finished mdrun on node 0 Tue Apr 24 14:04:56 2012
