Charmrun> scalable start enabled. 
Charmrun> IBVERBS version of charmrun
Charm++> Running in non-SMP mode: numPes 16
Charm++> Using recursive bisection (scheme 3) for topology aware partitions
Converse/Charm++ Commit ID: v6.7.0-0-g46f867c-namd-charm-6.7.0-build-2015-Dec-21-45876
Warning> Randomization of stack pointer is turned on in kernel, thread migration may not work! Run 'echo 0 > /proc/sys/kernel/randomize_va_space' as root to disable it, or try run with '+isomalloc_sync'.  
Charm++> scheduler running in netpoll mode.
CharmLB> Load balancer assumes all CPUs are same.
Charm++> Running on 1 unique compute nodes (32-way SMP).
Charm++> cpu topology info is gathered in 0.012 seconds.
Info: NAMD 2.11 for Linux-x86_64-verbs
Info: 
Info: Please visit http://www.ks.uiuc.edu/Research/namd/
Info: for updates, documentation, and support information.
Info: 
Info: Please cite Phillips et al., J. Comp. Chem. 26:1781-1802 (2005)
Info: in all publications reporting results obtained with NAMD.
Info: 
Info: Based on Charm++/Converse 60700 for verbs-linux-x86_64
Info: Built Wed May 11 07:55:59 HKT 2016 by kevin on combo.ad.cityu.edu.hk
Info: 1 NAMD  2.11  Linux-x86_64-verbs  16    combo.ad.cityu.edu.hk  kevin
Info: Running on 16 processors, 16 nodes, 1 physical nodes.
Info: CPU topology information available.
Info: Charm++/Converse parallel runtime startup completed at 0.020715 s
Info: 81.9688 MB of memory in use based on /proc/self/stat
Info: Configuration file is NPT-1.namd
Info: Working in the current directory /home/kevin/Dropbox/QWD/scripts/MD/NAMD/bmk/sample_sys/water_200k/run
TCL: Suspending until startup complete.
Info: EXTENDED SYSTEM FILE   output/mini-1.xsc
Warning: ALWAYS USE NON-ZERO MARGIN WITH CONSTANT PRESSURE!
Warning: CHANGING MARGIN FROM 0 to 0.96
Info: SIMULATION PARAMETERS:
Info: TIMESTEP               2
Info: NUMBER OF STEPS        0
Info: STEPS PER CYCLE        20
Info: PERIODIC CELL BASIS 1  126.942 0 0
Info: PERIODIC CELL BASIS 2  0 126.985 0
Info: PERIODIC CELL BASIS 3  0 0 126.989
Info: PERIODIC CELL CENTER   0.0289032 0.111049 0.0133267
Info: WRAPPING WATERS AROUND PERIODIC BOUNDARIES ON OUTPUT.
Info: WRAPPING ALL CLUSTERS AROUND PERIODIC BOUNDARIES ON OUTPUT.
Info: LOAD BALANCER  Centralized
Info: LOAD BALANCING STRATEGY  New Load Balancers -- DEFAULT
Info: LDB PERIOD             4000 steps
Info: FIRST LDB TIMESTEP     100
Info: LAST LDB TIMESTEP     -1
Info: LDB BACKGROUND SCALING 1
Info: HOM BACKGROUND SCALING 1
Info: PME BACKGROUND SCALING 1
Info: MIN ATOMS PER PATCH    40
Info: VELOCITY FILE          output/mini-1.vel
Info: CENTER OF MASS MOVING INITIALLY? NO
Info: DIELECTRIC             1
Info: EXCLUDE                SCALED ONE-FOUR
Info: 1-4 ELECTROSTATICS SCALED BY 1
Info: MODIFIED 1-4 VDW PARAMETERS WILL BE USED
Info: DCD FILENAME           output/NPT.dcd
Info: DCD FREQUENCY          5000
Info: DCD FIRST STEP         5000
Info: DCD FILE WILL CONTAIN UNIT CELL DATA
Info: XST FILENAME           output/NPT.xst
Info: XST FREQUENCY          5000
Info: NO VELOCITY DCD OUTPUT
Info: NO FORCE DCD OUTPUT
Info: OUTPUT FILENAME        output/NPT
Info: BINARY OUTPUT FILES WILL BE USED
Info: RESTART FILENAME       output/NPT.restart
Info: RESTART FREQUENCY      5000
Info: BINARY RESTART FILES WILL BE USED
Info: SWITCHING ACTIVE
Info: SWITCHING ON           10
Info: SWITCHING OFF          12
Info: PAIRLIST DISTANCE      13.5
Info: PAIRLIST SHRINK RATE   0.01
Info: PAIRLIST GROW RATE     0.01
Info: PAIRLIST TRIGGER       0.3
Info: PAIRLISTS PER CYCLE    2
Info: PAIRLISTS ENABLED
Info: MARGIN                 0.96
Info: HYDROGEN GROUP CUTOFF  2.5
Info: PATCH DIMENSION        16.96
Info: ENERGY OUTPUT STEPS    100
Info: CROSSTERM ENERGY INCLUDED IN DIHEDRAL
Info: TIMING OUTPUT STEPS    5000
Info: PRESSURE OUTPUT STEPS  100
Info: LANGEVIN DYNAMICS ACTIVE
Info: LANGEVIN TEMPERATURE   310
Info: LANGEVIN USING BBK INTEGRATOR
Info: LANGEVIN DAMPING COEFFICIENT IS 1 INVERSE PS
Info: LANGEVIN DYNAMICS NOT APPLIED TO HYDROGENS
Info: LANGEVIN PISTON PRESSURE CONTROL ACTIVE
Info:        TARGET PRESSURE IS 1.01325 BAR
Info:     OSCILLATION PERIOD IS 2000 FS
Info:             DECAY TIME IS 2000 FS
Info:     PISTON TEMPERATURE IS 310 K
Info:       PRESSURE CONTROL IS GROUP-BASED
Info:    INITIAL STRAIN RATE IS 0 0 0
Info:       CELL FLUCTUATION IS ANISOTROPIC
Info:     SHAPE OF CELL IS CONSTRAINED IN X-Y PLANE
Info: PARTICLE MESH EWALD (PME) ACTIVE
Info: PME TOLERANCE               1e-06
Info: PME EWALD COEFFICIENT       0.257952
Info: PME INTERPOLATION ORDER     4
Info: PME GRID DIMENSIONS         128 128 128
Info: PME MAXIMUM GRID SPACING    1
Info: Attempting to read FFTW data from FFTW_NAMD_2.11_Linux-x86_64-verbs.txt
Info: Optimizing 6 FFT steps.  1... 2... 3... 4... 5... 6...   Done.
Info: Writing FFTW data to FFTW_NAMD_2.11_Linux-x86_64-verbs.txt
Info: FULL ELECTROSTATIC EVALUATION FREQUENCY      2
Info: USING VERLET I (r-RESPA) MTS SCHEME.
Info: C1 SPLITTING OF LONG RANGE ELECTROSTATICS
Info: PLACING ATOMS IN PATCHES BY HYDROGEN GROUPS
Info: RIGID BONDS TO HYDROGEN : ALL
Info:         ERROR TOLERANCE : 1e-08
Info:          MAX ITERATIONS : 100
Info: RIGID WATER USING SETTLE ALGORITHM
Info: RANDOM NUMBER SEED     1463151031
Info: USE HYDROGEN BONDS?    NO
Info: COORDINATE PDB         ../ionized.pdb
Info: STRUCTURE FILE         ../ionized.psf
Info: PARAMETER file: CHARMM format! 
Info: PARAMETERS             ../par_CMAP.inp
Info: USING ARITHMETIC MEAN TO COMBINE L-J SIGMA PARAMETERS
Info: BINARY COORDINATES     output/mini-1.coor
Info: SUMMARY OF PARAMETERS:
Info: 259 BONDS
Info: 670 ANGLES
Info: 1141 DIHEDRAL
Info: 72 IMPROPER
Info: 6 CROSSTERM
Info: 164 VDW
Info: 0 VDW_PAIRS
Info: 0 NBTHOLE_PAIRS
Info: TIME FOR READING PSF FILE: 0.958002
Info: TIME FOR READING PDB FILE: 0.522806
Info: 
Info: ****************************
Info: STRUCTURE SUMMARY:
Info: 199371 ATOMS
Info: 132914 BONDS
Info: 66457 ANGLES
Info: 0 DIHEDRALS
Info: 0 IMPROPERS
Info: 0 CROSSTERMS
Info: 0 EXCLUSIONS
Info: 199371 RIGID BONDS
Info: 398742 DEGREES OF FREEDOM
Info: 66457 HYDROGEN GROUPS
Info: 3 ATOMS IN LARGEST HYDROGEN GROUP
Info: 66457 MIGRATION GROUPS
Info: 3 ATOMS IN LARGEST MIGRATION GROUP
Info: TOTAL MASS = 1.19725e+06 amu
Info: TOTAL CHARGE = 0 e
Info: MASS DENSITY = 0.971225 g/cm^3
Info: ATOM DENSITY = 0.0973953 atoms/A^3
Info: *****************************
Info: Reading from binary file output/mini-1.coor
Info: 
Info: Entering startup at 1.57867 s, 232.438 MB of memory in use
Info: Startup phase 0 took 0.00228 s, 232.438 MB of memory in use
Info: ADDED 199371 IMPLICIT EXCLUSIONS
Info: Startup phase 1 took 0.554445 s, 262.5 MB of memory in use
Info: NONBONDED TABLE R-SQUARED SPACING: 0.0625
Info: NONBONDED TABLE SIZE: 769 POINTS
Info: INCONSISTENCY IN FAST TABLE ENERGY VS FORCE: 0.000325096 AT 11.9556
Info: INCONSISTENCY IN SCOR TABLE ENERGY VS FORCE: 0.000324844 AT 11.9556
Info: INCONSISTENCY IN VDWA TABLE ENERGY VS FORCE: 0.0040507 AT 0.251946
Info: INCONSISTENCY IN VDWB TABLE ENERGY VS FORCE: 0.00150189 AT 0.251946
Info: Startup phase 2 took 0.00288701 s, 262.5 MB of memory in use
Info: Startup phase 3 took 0.000217915 s, 262.5 MB of memory in use
Info: Startup phase 4 took 0.00180507 s, 264.023 MB of memory in use
Info: Startup phase 5 took 0.000470877 s, 264.023 MB of memory in use
Info: PATCH GRID IS 7 (PERIODIC) BY 7 (PERIODIC) BY 7 (PERIODIC)
Info: PATCH GRID IS 1-AWAY BY 1-AWAY BY 1-AWAY
Info: Reading from binary file output/mini-1.vel
Info: REMOVING COM VELOCITY 0 0 0
Info: LARGEST PATCH (274) HAS 636 ATOMS
Info: TORUS A SIZE 16 USING 0
Info: TORUS B SIZE 1 USING 0
Info: TORUS C SIZE 1 USING 0
Info: TORUS MINIMAL MESH SIZE IS 1 BY 1 BY 1
Info: Placed 100% of base nodes on same physical node as patch
Info: Startup phase 6 took 0.0668521 s, 296.488 MB of memory in use
Info: PME using 16 and 16 processors for FFT and reciprocal sum.
Info: PME GRID LOCATIONS: 0 1 2 3 4 5 6 7 8 9 ...
Info: PME TRANS LOCATIONS: 0 1 2 3 4 5 6 7 8 9 ...
Info: PME USING 16 GRID NODES AND 16 TRANS NODES
Info: Optimizing 4 FFT steps.  1... 2... 3... 4...   Done.
Info: Startup phase 7 took 0.0168531 s, 296.488 MB of memory in use
Info: Startup phase 8 took 0.061878 s, 303.461 MB of memory in use
LDB: Central LB being created...
Info: Startup phase 9 took 0.00114799 s, 303.461 MB of memory in use
Info: CREATING 6940 COMPUTE OBJECTS
Info: useSync: 0 useProxySync: 0
Info: Startup phase 10 took 0.00557399 s, 303.461 MB of memory in use
Info: Startup phase 11 took 0.000504971 s, 303.461 MB of memory in use
Info: Startup phase 12 took 0.000144958 s, 303.461 MB of memory in use
Info: Finished startup at 2.29373 s, 303.461 MB of memory in use

TCL: Running for 1000 steps
PRESSURE: 0 -5410.93 -69.2681 63.2781 -69.2681 -5314.47 89.3113 63.2781 89.3113 -5303.45
GPRESSURE: 0 -5377.24 -73.756 65.9695 -69.2719 -5283.62 92.2957 64.3195 91.183 -5267.21
ETITLE:      TS           BOND          ANGLE          DIHED          IMPRP               ELECT            VDW       BOUNDARY           MISC        KINETIC               TOTAL           TEMP      POTENTIAL         TOTAL3        TEMPAVG            PRESSURE      GPRESSURE         VOLUME       PRESSAVG      GPRESSAVG

ENERGY:       0         0.0000         0.0000         0.0000         0.0000        -883039.4937     90976.1162         0.0000         0.0000         0.0000        -792063.3775         0.0000   -792063.3775   -792062.2176         0.0000          -5342.9520     -5309.3559   2047028.3824     -5342.9520     -5309.3559

OPENING EXTENDED SYSTEM TRAJECTORY FILE
LDB: ============= START OF LOAD BALANCING ============== 7.89211
LDB: ============== END OF LOAD BALANCING =============== 7.89238
Info: useSync: 0 useProxySync: 0
LDB: =============== DONE WITH MIGRATION ================ 7.89383
LDB: ============= START OF LOAD BALANCING ============== 30.0232
LDB: Largest compute 476 load 0.304030 is 2.2% of average load 14.103175
LDB: Average compute 0.030490 is 0.2% of average load 14.103175
LDB: Partitioning computes with target load 1.410318
LDB: Increased migratable compute count from 6517 to 6517
LDB: Largest unpartitionable compute is 0.004310
LDB: ============== END OF LOAD BALANCING =============== 30.0272
Info: useSync: 0 useProxySync: 0
LDB: =============== DONE WITH MIGRATION ================ 30.0293
PRESSURE: 100 -679.73 -22.0387 59.8485 -22.0387 -665.155 88.2621 59.8485 88.2621 -660.268
GPRESSURE: 100 -638.719 -27.3196 59.8935 -23.8261 -629.817 88.321 64.2493 97.1108 -623.402
PRESSAVG: 100 -3307.88 -41.3583 58.669 -41.3583 -3238.78 94.8276 58.669 94.8276 -3224.96
GPRESSAVG: 100 -3307.89 -41.159 58.5834 -41.8575 -3238.78 94.7343 58.6965 94.8365 -3224.84
Info: Initial time: 16 CPUs 0.276347 s/step 1.59923 days/ns 313.355 MB memory
ENERGY:     100         0.0000         0.0000         0.0000         0.0000        -909669.2301    119821.7344         0.0000         0.0000     14965.9935        -774881.5021        37.7750   -789847.4957   -774915.6645        19.9520           -668.3844      -630.6457   1961483.3847     -3257.2063     -3257.1738

LDB: ============= START OF LOAD BALANCING ============== 35.2693
LDB: ============== END OF LOAD BALANCING =============== 35.2696
Info: useSync: 0 useProxySync: 0
LDB: =============== DONE WITH MIGRATION ================ 35.2709
LDB: ============= START OF LOAD BALANCING ============== 57.5048
LDB: Largest compute 405 load 0.289636 is 2.0% of average load 14.323254
LDB: Average compute 0.031117 is 0.2% of average load 14.323254
LDB: TIME 57.5079 LOAD: AVG 14.3233 MAX 20.5405  PROXIES: TOTAL 621 MAXPE 40 MAXPATCH 5 None MEM: 317.543 MB
LDB: TIME 57.5115 LOAD: AVG 14.3233 MAX 14.8374  PROXIES: TOTAL 621 MAXPE 40 MAXPATCH 5 TorusLB MEM: 317.543 MB
LDB: ============== END OF LOAD BALANCING =============== 57.5216
Info: useSync: 0 useProxySync: 0
LDB: =============== DONE WITH MIGRATION ================ 57.5303
PRESSURE: 200 2276.01 -17.3567 38.8448 -17.3567 2335.7 46.5228 38.8448 46.5228 2448.87
GPRESSURE: 200 2314.95 -12.5444 40.373 -24.0477 2368.69 54.3649 49.218 51.205 2484.98
PRESSAVG: 200 1243.63 -16.8984 46.8255 -16.8984 1264.04 53.4853 46.8255 53.4853 1275.33
GPRESSAVG: 200 1244.57 -17.4244 46.5648 -16.3373 1264.03 53.3747 46.8555 53.9283 1275.15
Info: Initial time: 16 CPUs 0.275364 s/step 1.59354 days/ns 320.238 MB memory
ENERGY:     200         0.0000         0.0000         0.0000         0.0000        -913983.9204    130136.5341         0.0000         0.0000     26811.3859        -757036.0004        67.6733   -783847.3863   -757064.0765        53.7372           2353.5276      2389.5429   1855904.0379      1261.0006      1261.2536

LDB: ============= START OF LOAD BALANCING ============== 86.3383
LDB: Largest compute 631 load 0.377213 is 1.9% of average load 19.584543
LDB: Average compute 0.042799 is 0.2% of average load 19.584543
LDB: TIME 86.3422 LOAD: AVG 19.5845 MAX 24.6376  PROXIES: TOTAL 621 MAXPE 40 MAXPATCH 5 None MEM: 332.551 MB
LDB: TIME 86.3432 LOAD: AVG 19.5845 MAX 24.6376  PROXIES: TOTAL 621 MAXPE 40 MAXPATCH 5 RefineTorusLB MEM: 332.551 MB
LDB: TIME 86.3736 LOAD: AVG 19.5845 MAX 19.8285  PROXIES: TOTAL 642 MAXPE 44 MAXPATCH 6 RefineTorusLB MEM: 332.551 MB
LDB: ============== END OF LOAD BALANCING =============== 86.3757
Info: useSync: 0 useProxySync: 0
LDB: =============== DONE WITH MIGRATION ================ 86.3792
PRESSURE: 300 1502.4 57.9975 -15.1724 57.9975 1522.67 53.3764 -15.1724 53.3764 1556.36
GPRESSURE: 300 1542.2 74.5014 -18.9246 46.7036 1557.36 43.1186 -21.6291 72.3925 1595.59
PRESSAVG: 300 2081.9 35.0187 1.2859 35.0187 2114.98 62.7384 1.2859 62.7384 2169.86
GPRESSAVG: 300 2081.39 35.9784 1.7024 33.8303 2114.32 61.7114 0.844624 62.8914 2170.79
Info: Initial time: 16 CPUs 0.287211 s/step 1.6621 days/ns 332.551 MB memory
ENERGY:     300         0.0000         0.0000         0.0000         0.0000        -896300.4954    118986.5616         0.0000         0.0000     34453.8914        -742860.0424        86.9634   -777313.9338   -742869.9658        77.8840           1527.1430      1565.0530   1832769.0476      2122.2447      2122.1666

LDB: ============= START OF LOAD BALANCING ============== 112.226
LDB: Largest compute 631 load 0.304220 is 1.7% of average load 18.332504
LDB: Average compute 0.039974 is 0.2% of average load 18.332504
LDB: TIME 112.23 LOAD: AVG 18.3325 MAX 21.9119  PROXIES: TOTAL 621 MAXPE 40 MAXPATCH 5 None MEM: 332.551 MB
LDB: TIME 112.231 LOAD: AVG 18.3325 MAX 21.9119  PROXIES: TOTAL 642 MAXPE 44 MAXPATCH 6 RefineTorusLB MEM: 332.551 MB
LDB: TIME 112.261 LOAD: AVG 18.3325 MAX 18.5607  PROXIES: TOTAL 683 MAXPE 65 MAXPATCH 6 RefineTorusLB MEM: 332.551 MB
LDB: ============== END OF LOAD BALANCING =============== 112.263
Info: useSync: 0 useProxySync: 0
LDB: =============== DONE WITH MIGRATION ================ 112.266
PRESSURE: 400 -13.7584 -13.8732 14.5444 -13.8732 52.5076 -43.3844 14.5444 -43.3844 70.6275
GPRESSURE: 400 27.4561 -12.6911 11.0823 -2.87943 83.0347 -40.463 16.1871 -34.7859 112.072
PRESSAVG: 400 779.391 22.5679 -18.8799 22.5679 790.189 -14.6195 -18.8799 -14.6195 839.839
GPRESSAVG: 400 778.803 22.5343 -18.3666 22.7991 790.718 -14.0299 -19.7228 -14.2335 839.618
Info: Benchmark time: 16 CPUs 0.258946 s/step 1.49853 days/ns 332.551 MB memory
ENERGY:     400         0.0000         0.0000         0.0000         0.0000        -880635.2773    108610.1857         0.0000         0.0000     40769.8946        -731255.1970       102.9054   -772025.0916   -731254.8966        95.2961             36.4589        74.1876   1862715.7793       803.1399       803.0462

PRESSURE: 500 -735.816 30.1234 30.8013 30.1234 -571.67 -56.9439 30.8013 -56.9439 -643.628
GPRESSURE: 500 -714.001 28.2325 11.6208 14.0923 -526.764 -66.9228 29.9013 -41.8511 -604.617
PRESSAVG: 500 -326.617 6.43104 -12.4136 6.43104 -332.169 -49.3378 -12.4136 -49.3378 -344.537
GPRESSAVG: 500 -327.002 6.19725 -12.7673 6.33906 -332.11 -48.6106 -11.206 -50.2196 -344.322
Info: Benchmark time: 16 CPUs 0.257606 s/step 1.49077 days/ns 332.551 MB memory
ENERGY:     500         0.0000         0.0000         0.0000         0.0000        -870276.1472    103932.6121         0.0000         0.0000     46004.1961        -720339.3390       116.1170   -766343.5351   -720325.6598       109.7240           -650.3717      -615.1274   1895527.3773      -334.4408      -334.4778

PRESSURE: 600 -450.682 11.6843 56.079 11.6843 -419.115 -42.4401 56.079 -42.4401 -392.292
GPRESSURE: 600 -422.735 1.4271 54.4191 14.9987 -383.644 -45.1971 63.2632 -48.8591 -348.075
PRESSAVG: 600 -544.254 11.5608 34.3491 11.5608 -495.498 -65.441 34.3491 -65.441 -536.307
GPRESSAVG: 600 -543.782 12.5742 33.992 10.7985 -495.987 -66.2837 33.5618 -65.0102 -536.56
Info: Benchmark time: 16 CPUs 0.255478 s/step 1.47846 days/ns 332.551 MB memory
ENERGY:     600         0.0000         0.0000         0.0000         0.0000        -865969.7501    104484.0925         0.0000         0.0000     51224.9783        -710260.6793       129.2945   -761485.6576   -710231.6280       122.8884           -420.6961      -384.8180   1907408.8252      -525.3529      -525.4429

PRESSURE: 700 -217.062 33.1911 -4.78445 33.1911 -128.69 26.5446 -4.78445 26.5446 -240.165
GPRESSURE: 700 -161.558 26.6214 -36.9294 40.5592 -108.619 21.2636 6.25311 29.2304 -204.135
PRESSAVG: 700 -306.807 9.06044 23.0547 9.06044 -236.093 -19.8511 23.0547 -19.8511 -318.153
GPRESSAVG: 700 -306.932 8.08075 21.5368 9.44041 -235.81 -19.95 23.7094 -19.8375 -318.319
Info: Benchmark time: 16 CPUs 0.264725 s/step 1.53197 days/ns 332.551 MB memory
ENERGY:     700         0.0000         0.0000         0.0000         0.0000        -861204.4784    104117.6383         0.0000         0.0000     55796.7565        -701290.0836       140.8339   -757086.8401   -701241.3233       135.2353           -195.3055      -158.1042   1903824.1108      -287.0177      -287.0203

PRESSURE: 800 150.463 48.1887 -29.76 48.1887 156.809 10.9001 -29.76 10.9001 195.599
GPRESSURE: 800 197.991 53.4793 -14.3286 50.2454 181.858 9.45439 -41.0168 22.1168 229.477
PRESSAVG: 800 38.1397 16.8709 21.3425 16.8709 142.201 1.41499 21.3425 1.41499 69.9746
GPRESSAVG: 800 36.9925 17.1151 23.1895 16.8682 142.075 2.66704 20.1278 0.344494 71.2757
Info: Benchmark time: 16 CPUs 0.280256 s/step 1.62185 days/ns 336.555 MB memory
ENERGY:     800         0.0000         0.0000         0.0000         0.0000        -857217.7373    104480.2247         0.0000         0.0000     60022.0188        -692715.4938       151.4987   -752737.5126   -692659.6981       146.4377            167.6238       203.1086   1896350.2437        83.4385        83.4477

PRESSURE: 900 32.3782 19.4445 26.13 19.4445 21.8779 37.0621 26.13 37.0621 -0.278594
GPRESSURE: 900 68.5099 7.24628 20.4778 15.0151 63.8922 50.8764 26.2566 47.6025 32.2849
PRESSAVG: 900 125.946 39.9728 34.8821 39.9728 173.024 1.54662 34.8821 1.54662 145.775
GPRESSAVG: 900 126.915 40.028 33.5292 39.7956 173.272 0.817584 35.3417 2.0844 144.438
Info: Benchmark time: 16 CPUs 0.277292 s/step 1.6047 days/ns 336.555 MB memory
ENERGY:     900         0.0000         0.0000         0.0000         0.0000        -850421.3963    101792.1022         0.0000         0.0000     63916.3713        -684712.9228       161.3283   -748629.2941   -684618.8220       156.5103             17.9925        54.8957   1895507.5927       148.2481       148.2085

PRESSURE: 1000 -33.7879 6.73769 31.803 6.73769 9.95279 10.5904 31.803 10.5904 -110.179
GPRESSURE: 1000 1.30981 -10.0084 25.3363 19.7491 48.4812 19.5671 51.4556 -9.45207 -74.7703
PRESSAVG: 1000 7.24707 18.428 39.0491 18.428 58.5092 -22.825 39.0491 -22.825 29.3978
GPRESSAVG: 1000 7.23504 17.4011 39.5612 19.7483 58.0382 -22.8646 39.6502 -23.5876 29.6919
ETITLE:      TS           BOND          ANGLE          DIHED          IMPRP               ELECT            VDW       BOUNDARY           MISC        KINETIC               TOTAL           TEMP      POTENTIAL         TOTAL3        TEMPAVG            PRESSURE      GPRESSURE         VOLUME       PRESSAVG      GPRESSAVG

ENERGY:    1000         0.0000         0.0000         0.0000         0.0000        -844169.7956     99940.4222         0.0000         0.0000     67237.8330        -676991.5403       169.7118   -744229.3733   -676901.1440       165.7341            -44.6714        -8.3264   1898600.2534        31.7180        31.6550

WRITING EXTENDED SYSTEM TO OUTPUT FILE AT STEP 1000
CLOSING EXTENDED SYSTEM TRAJECTORY FILE
WRITING COORDINATES TO OUTPUT FILE AT STEP 1000
COORDINATE DCD FILE output/NPT.dcd WAS NOT CREATED
The last position output (seq=-2) takes 0.009 seconds, 350.676 MB of memory in use
WRITING VELOCITIES TO OUTPUT FILE AT STEP 1000
The last velocity output (seq=-2) takes 0.004 seconds, 350.676 MB of memory in use
====================================================

WallClock: 273.333160  CPUTime: 273.270447  Memory: 350.675781 MB
[Partition 0][Node 0] End of program
